<?xml version="1.0" encoding="UTF-8"?>
<testsuite xmlns:xsi="http://www.w3.org/2001/XMLSchema-instance" xsi:noNamespaceSchemaLocation="https://maven.apache.org/surefire/maven-surefire-plugin/xsd/surefire-test-report.xsd" name="webadv.stu16201236.p02.AppTest" time="0.053" tests="2" errors="0" skipped="0" failures="0">
  <properties>
    <property name="sun.desktop" value="windows"/>
    <property name="awt.toolkit" value="sun.awt.windows.WToolkit"/>
    <property name="file.encoding.pkg" value="sun.io"/>
    <property name="java.specification.version" value="1.8"/>
    <property name="sun.cpu.isalist" value="amd64"/>
    <property name="sun.jnu.encoding" value="GBK"/>
    <property name="java.class.path" value="D:\apache-maven-3.6.1\repo\p02\target\test-classes;D:\apache-maven-3.6.1\repo\p02\target\classes;D:\apache-maven-3.6.1\repo\junit\junit\4.11\junit-4.11.jar;D:\apache-maven-3.6.1\repo\org\hamcrest\hamcrest-core\1.3\hamcrest-core-1.3.jar;D:\apache-maven-3.6.1\repo\commons-codec\commons-codec\1.11\commons-codec-1.11.jar;"/>
    <property name="java.vm.vendor" value="Oracle Corporation"/>
    <property name="sun.arch.data.model" value="64"/>
    <property name="user.variant" value=""/>
    <property name="java.vendor.url" value="http://java.oracle.com/"/>
    <property name="user.timezone" value="Asia/Shanghai"/>
    <property name="java.vm.specification.version" value="1.8"/>
    <property name="os.name" value="Windows 10"/>
    <property name="user.country" value="CN"/>
    <property name="sun.java.launcher" value="SUN_STANDARD"/>
    <property name="sun.boot.library.path" value="S:\Program Files\Java\jdk1.8.0_144\jre\bin"/>
    <property name="sun.java.command" value="S:\Users\陈晋升\AppData\Local\Temp\surefire999140982503590445\surefirebooter4374989617620978848.jar S:\Users\陈晋升\AppData\Local\Temp\surefire999140982503590445 2019-05-16T11-12-21_277-jvmRun1 surefire3589081859144594691tmp surefire_0793086763036147099tmp"/>
    <property name="surefire.test.class.path" value="D:\apache-maven-3.6.1\repo\p02\target\test-classes;D:\apache-maven-3.6.1\repo\p02\target\classes;D:\apache-maven-3.6.1\repo\junit\junit\4.11\junit-4.11.jar;D:\apache-maven-3.6.1\repo\org\hamcrest\hamcrest-core\1.3\hamcrest-core-1.3.jar;D:\apache-maven-3.6.1\repo\commons-codec\commons-codec\1.11\commons-codec-1.11.jar;"/>
    <property name="sun.cpu.endian" value="little"/>
    <property name="user.home" value="S:\Users\陈晋升"/>
    <property name="user.language" value="zh"/>
    <property name="java.specification.vendor" value="Oracle Corporation"/>
    <property name="java.home" value="S:\Program Files\Java\jdk1.8.0_144\jre"/>
    <property name="basedir" value="D:\apache-maven-3.6.1\repo\p02"/>
    <property name="file.separator" value="\"/>
    <property name="line.separator" value="&#10;"/>
    <property name="java.vm.specification.vendor" value="Oracle Corporation"/>
    <property name="java.specification.name" value="Java Platform API Specification"/>
    <property name="java.awt.graphicsenv" value="sun.awt.Win32GraphicsEnvironment"/>
    <property name="surefire.real.class.path" value="S:\Users\陈晋升\AppData\Local\Temp\surefire999140982503590445\surefirebooter4374989617620978848.jar"/>
    <property name="sun.boot.class.path" value="S:\Program Files\Java\jdk1.8.0_144\jre\lib\resources.jar;S:\Program Files\Java\jdk1.8.0_144\jre\lib\rt.jar;S:\Program Files\Java\jdk1.8.0_144\jre\lib\sunrsasign.jar;S:\Program Files\Java\jdk1.8.0_144\jre\lib\jsse.jar;S:\Program Files\Java\jdk1.8.0_144\jre\lib\jce.jar;S:\Program Files\Java\jdk1.8.0_144\jre\lib\charsets.jar;S:\Program Files\Java\jdk1.8.0_144\jre\lib\jfr.jar;S:\Program Files\Java\jdk1.8.0_144\jre\classes"/>
    <property name="user.script" value=""/>
    <property name="sun.management.compiler" value="HotSpot 64-Bit Tiered Compilers"/>
    <property name="java.runtime.version" value="1.8.0_144-b01"/>
    <property name="user.name" value="陈晋升"/>
    <property name="path.separator" value=";"/>
    <property name="os.version" value="10.0"/>
    <property name="java.endorsed.dirs" value="S:\Program Files\Java\jdk1.8.0_144\jre\lib\endorsed"/>
    <property name="java.runtime.name" value="Java(TM) SE Runtime Environment"/>
    <property name="file.encoding" value="GBK"/>
    <property name="java.vm.name" value="Java HotSpot(TM) 64-Bit Server VM"/>
    <property name="localRepository" value="D:\apache-maven-3.6.1\repo"/>
    <property name="java.vendor.url.bug" value="http://bugreport.sun.com/bugreport/"/>
    <property name="java.io.tmpdir" value="S:\Users\陈晋升\AppData\Local\Temp\"/>
    <property name="java.version" value="1.8.0_144"/>
    <property name="user.dir" value="D:\apache-maven-3.6.1\repo\p02"/>
    <property name="os.arch" value="amd64"/>
    <property name="java.vm.specification.name" value="Java Virtual Machine Specification"/>
    <property name="java.awt.printerjob" value="sun.awt.windows.WPrinterJob"/>
    <property name="sun.os.patch.level" value=""/>
    <property name="java.library.path" value="S:\Program Files\Java\jdk1.8.0_144\jre\bin;S:\WINDOWS\Sun\Java\bin;S:\WINDOWS\system32;S:\WINDOWS;C:\app\Oracle\product\11.2.0\dbhome_1\bin;C:\app\晋升\product\11.2.0\dbhome_1\bin;C:\app\陈晋升\product\11.2.0\dbhome_1\bin;S:\Program Files (x86)\Common Files\Oracle\Java\javapath;S:\ProgramData\Oracle\Java\javapath;S:\WINDOWS\system32;S:\WINDOWS;S:\WINDOWS\System32\Wbem;S:\WINDOWS\System32\WindowsPowerShell\v1.0\;S:\Program Files\Java\jdk1.8.0_144\bin;S:\Program Files\Java\jdk1.8.0_144\jre\bin;S:\Program Files (x86)\NVIDIA Corporation\PhysX\Common;S:\Program Files\Microsoft SQL Server\Client SDK\ODBC\130\Tools\Binn\;S:\Program Files (x86)\Microsoft SQL Server\140\Tools\Binn\;S:\Program Files\Microsoft SQL Server\140\Tools\Binn\;S:\Program Files\Microsoft SQL Server\140\DTS\Binn\;S:\Program Files (x86)\Microsoft SQL Server\Client SDK\ODBC\130\Tools\Binn\;S:\Program Files (x86)\Microsoft SQL Server\140\DTS\Binn\;S:\Program Files (x86)\Microsoft SQL Server\140\Tools\Binn\ManagementStudio\;S:\Program Files\MySQL\MySQL Utilities 1.6\;S:\WINDOWS\system32;S:\WINDOWS;S:\WINDOWS\System32\Wbem;S:\WINDOWS\System32\WindowsPowerShell\v1.0\;S:\WINDOWS\System32\OpenSSH\;D:\Git\cmd;S:\Program Files\NVIDIA Corporation\NVIDIA NvDLISR;D:\python37;D:\metasploit-framework\bin\;D:\phantomjs-2.1.1-windows;D:\apache-maven-3.6.1\bin;D:\python37\Scripts\;D:\python37\;S:\Users\陈晋升\AppData\Local\Microsoft\WindowsApps;;."/>
    <property name="java.vm.info" value="mixed mode"/>
    <property name="java.vendor" value="Oracle Corporation"/>
    <property name="java.vm.version" value="25.144-b01"/>
    <property name="java.ext.dirs" value="S:\Program Files\Java\jdk1.8.0_144\jre\lib\ext;S:\WINDOWS\Sun\Java\lib\ext"/>
    <property name="sun.io.unicode.encoding" value="UnicodeLittle"/>
    <property name="java.class.version" value="52.0"/>
  </properties>
  <testcase name="testHex" classname="webadv.stu16201236.p02.AppTest" time="0.015"/>
  <testcase name="testLength" classname="webadv.stu16201236.p02.AppTest" time="0"/>
</testsuite>